<?xml version="1.0" encoding="UTF-8"?>
<!-- Generated by org.testng.reporters.JUnitReportReporter -->
<testsuite hostname="rak-PC" failures="0" tests="1" name="com.seleniumLearning.gitSetup" time="0.010" errors="0" timestamp="2020-12-08T22:58:59 IST" skipped="0">
  <testcase classname="com.seleniumLearning.gitSetup" name="gitSetupMethod" time="0.010"/>
  <system-out/>
</testsuite> <!-- com.seleniumLearning.gitSetup -->
